TN:
SF:src/app.controller.ts
FN:6,(anonymous_2)
FN:9,(anonymous_3)
FNF:2
FNH:2
FNDA:2,(anonymous_2)
FNDA:1,(anonymous_3)
DA:1,2
DA:2,2
DA:5,2
DA:6,2
DA:9,2
DA:10,1
LF:6
LH:6
BRF:0
BRH:0
end_of_record
TN:
SF:src/app.module.ts
FN:30,(anonymous_1)
FN:46,(anonymous_2)
FNF:2
FNH:2
FNDA:1,(anonymous_1)
FNDA:1,(anonymous_2)
DA:2,1
DA:3,1
DA:4,1
DA:5,1
DA:6,1
DA:8,1
DA:9,1
DA:10,1
DA:12,1
DA:13,1
DA:14,1
DA:15,1
DA:16,1
DA:17,1
DA:18,1
DA:19,1
DA:20,1
DA:30,1
DA:46,1
DA:74,1
LF:20
LH:20
BRDA:47,0,0,1
BRDA:47,0,1,0
BRF:2
BRH:1
end_of_record
TN:
SF:src/app.service.ts
FN:5,(anonymous_1)
FNF:1
FNH:0
FNDA:0,(anonymous_1)
DA:1,2
DA:4,2
DA:6,0
LF:3
LH:2
BRF:0
BRH:0
end_of_record
TN:
SF:src/main.ts
FN:4,bootstrap
FNF:1
FNH:0
FNDA:0,bootstrap
DA:1,0
DA:2,0
DA:5,0
DA:8,0
DA:9,0
DA:14,0
DA:15,0
DA:16,0
DA:18,0
LF:9
LH:0
BRDA:8,0,0,0
BRDA:8,0,1,0
BRDA:14,1,0,0
BRDA:14,1,1,0
BRF:4
BRH:0
end_of_record
TN:
SF:src/adoption-photo/adoption-photo.controller.ts
FN:10,(anonymous_4)
FN:14,(anonymous_5)
FN:20,(anonymous_6)
FN:26,(anonymous_7)
FN:32,(anonymous_8)
FN:38,(anonymous_9)
FN:44,(anonymous_10)
FNF:7
FNH:7
FNDA:7,(anonymous_4)
FNDA:1,(anonymous_5)
FNDA:1,(anonymous_6)
FNDA:1,(anonymous_7)
FNDA:1,(anonymous_8)
FNDA:1,(anonymous_9)
FNDA:1,(anonymous_10)
DA:1,2
DA:2,2
DA:3,2
DA:4,2
DA:5,2
DA:9,2
DA:10,7
DA:14,2
DA:15,1
DA:20,2
DA:21,1
DA:26,2
DA:27,1
DA:32,2
DA:33,1
DA:38,2
DA:39,1
DA:44,2
DA:45,1
LF:19
LH:19
BRF:0
BRH:0
end_of_record
TN:
SF:src/adoption-photo/adoption-photo.module.ts
FNF:0
FNH:0
DA:1,1
DA:2,1
DA:3,1
DA:4,1
DA:5,1
DA:6,1
DA:13,1
LF:7
LH:7
BRF:0
BRH:0
end_of_record
TN:
SF:src/adoption-photo/adoption-photo.service.ts
FN:11,(anonymous_4)
FN:18,(anonymous_5)
FN:36,(anonymous_6)
FN:42,(anonymous_7)
FN:49,(anonymous_8)
FN:61,(anonymous_9)
FN:81,(anonymous_10)
FNF:7
FNH:7
FNDA:11,(anonymous_4)
FNDA:2,(anonymous_5)
FNDA:1,(anonymous_6)
FNDA:1,(anonymous_7)
FNDA:2,(anonymous_8)
FNDA:3,(anonymous_9)
FNDA:1,(anonymous_10)
DA:1,3
DA:2,3
DA:3,3
DA:6,3
DA:7,3
DA:10,3
DA:13,11
DA:15,11
DA:20,2
DA:21,2
DA:22,1
DA:26,1
DA:33,1
DA:37,1
DA:43,1
DA:50,2
DA:54,2
DA:55,1
DA:58,1
DA:62,3
DA:65,3
DA:66,2
DA:67,2
DA:68,1
DA:70,1
DA:74,2
DA:75,2
DA:76,2
DA:78,2
DA:82,1
DA:83,1
DA:84,1
LF:32
LH:32
BRDA:21,0,0,1
BRDA:29,1,0,1
BRDA:29,1,1,0
BRDA:54,2,0,1
BRDA:65,3,0,2
BRDA:65,4,0,3
BRDA:65,4,1,2
BRDA:67,5,0,1
BRDA:74,6,0,1
BRDA:75,7,0,1
BRDA:76,8,0,1
BRF:11
BRH:10
end_of_record
TN:
SF:src/adoption-photo/dto/create-adoption-photo.dto.ts
FNF:0
FNH:0
DA:1,2
DA:2,2
DA:4,2
DA:8,2
DA:13,2
DA:18,2
DA:23,2
LF:7
LH:7
BRF:0
BRH:0
end_of_record
TN:
SF:src/adoption-photo/dto/update-adoption-photo.dto.ts
FNF:0
FNH:0
DA:1,2
DA:2,2
DA:3,2
DA:4,2
DA:6,2
DA:13,2
DA:21,2
DA:29,2
DA:37,2
LF:9
LH:9
BRF:0
BRH:0
end_of_record
TN:
SF:src/adoption-photo/entities/adoption-photo.entity.ts
FN:18,(anonymous_2)
FNF:1
FNH:1
FNDA:1,(anonymous_2)
DA:1,3
DA:2,3
DA:5,3
DA:7,3
DA:10,3
DA:13,3
DA:16,3
DA:18,1
DA:20,3
LF:9
LH:9
BRF:0
BRH:0
end_of_record
TN:
SF:src/auth/auth.controller.ts
FN:7,(anonymous_4)
FN:10,(anonymous_5)
FNF:2
FNH:2
FNDA:3,(anonymous_4)
FNDA:1,(anonymous_5)
DA:1,2
DA:2,2
DA:3,2
DA:6,2
DA:7,3
DA:10,2
DA:11,1
LF:7
LH:7
BRF:0
BRH:0
end_of_record
TN:
SF:src/auth/auth.module.ts
FN:17,(anonymous_1)
FNF:1
FNH:1
FNDA:1,(anonymous_1)
DA:1,1
DA:2,1
DA:3,1
DA:4,1
DA:5,1
DA:6,1
DA:7,1
DA:8,1
DA:17,1
DA:27,1
LF:10
LH:10
BRDA:18,0,0,1
BRDA:18,0,1,0
BRF:2
BRH:1
end_of_record
TN:
SF:src/auth/auth.service.ts
FN:9,(anonymous_2)
FN:14,(anonymous_3)
FN:23,(anonymous_4)
FNF:3
FNH:2
FNDA:5,(anonymous_2)
FNDA:3,(anonymous_3)
FNDA:0,(anonymous_4)
DA:1,3
DA:2,3
DA:3,3
DA:4,3
DA:8,3
DA:10,5
DA:11,5
DA:15,3
DA:16,3
DA:17,1
DA:18,1
DA:20,2
DA:24,0
DA:26,0
DA:27,0
DA:30,0
DA:32,0
LF:17
LH:12
BRDA:16,0,0,1
BRDA:16,1,0,3
BRDA:16,1,1,2
BRDA:26,2,0,0
BRF:4
BRH:3
end_of_record
TN:
SF:src/auth/jwt.strategy.ts
FN:8,(anonymous_2)
FN:16,(anonymous_3)
FNF:2
FNH:1
FNDA:1,(anonymous_2)
FNDA:0,(anonymous_3)
DA:1,1
DA:2,1
DA:3,1
DA:4,1
DA:7,1
DA:9,1
DA:17,0
LF:7
LH:6
BRDA:12,0,0,1
BRDA:12,0,1,0
BRF:2
BRH:1
end_of_record
TN:
SF:src/auth/dto/login.dto.ts
FNF:0
FNH:0
DA:1,2
DA:3,2
DA:6,2
DA:9,2
LF:4
LH:4
BRF:0
BRH:0
end_of_record
TN:
SF:src/auth/guards/public-write-protected.guard.ts
FN:12,(anonymous_2)
FN:17,(anonymous_3)
FN:65,(anonymous_4)
FNF:3
FNH:3
FNDA:8,(anonymous_2)
FNDA:6,(anonymous_3)
FNDA:4,(anonymous_4)
DA:1,2
DA:2,2
DA:3,2
DA:7,2
DA:8,8
DA:9,8
DA:13,8
DA:14,8
DA:18,6
DA:19,6
DA:22,6
DA:23,1
DA:27,5
DA:28,1
DA:32,4
DA:33,4
DA:34,4
DA:35,1
DA:36,1
DA:39,3
DA:41,3
DA:42,3
DA:43,1
DA:44,1
DA:47,2
DA:48,2
DA:51,1
DA:52,1
DA:54,1
DA:56,1
DA:57,1
DA:60,0
DA:61,0
DA:66,4
DA:67,4
DA:68,1
DA:71,3
DA:72,3
LF:38
LH:36
BRDA:22,0,0,1
BRDA:27,1,0,1
BRDA:27,2,0,5
BRDA:27,2,1,1
BRDA:34,3,0,1
BRDA:42,4,0,1
BRDA:43,5,0,0
BRDA:56,6,0,0
BRDA:60,7,0,0
BRDA:67,8,0,1
BRDA:72,9,0,3
BRDA:72,9,1,0
BRF:12
BRH:8
end_of_record
TN:
SF:src/breed/breed.controller.ts
FN:10,(anonymous_4)
FN:14,(anonymous_5)
FN:20,(anonymous_6)
FN:26,(anonymous_7)
FN:32,(anonymous_8)
FN:38,(anonymous_9)
FNF:6
FNH:1
FNDA:1,(anonymous_4)
FNDA:0,(anonymous_5)
FNDA:0,(anonymous_6)
FNDA:0,(anonymous_7)
FNDA:0,(anonymous_8)
FNDA:0,(anonymous_9)
DA:1,1
DA:2,1
DA:3,1
DA:4,1
DA:5,1
DA:9,1
DA:10,1
DA:14,1
DA:15,0
DA:20,1
DA:21,0
DA:26,1
DA:27,0
DA:32,1
DA:33,0
DA:38,1
DA:39,0
LF:17
LH:12
BRF:0
BRH:0
end_of_record
TN:
SF:src/breed/breed.module.ts
FNF:0
FNH:0
DA:1,1
DA:2,1
DA:3,1
DA:4,1
DA:5,1
DA:12,1
LF:6
LH:6
BRF:0
BRH:0
end_of_record
TN:
SF:src/breed/breed.service.ts
FN:10,(anonymous_4)
FN:16,(anonymous_5)
FN:22,(anonymous_6)
FN:29,(anonymous_7)
FN:43,(anonymous_8)
FN:53,(anonymous_9)
FNF:6
FNH:6
FNDA:8,(anonymous_4)
FNDA:1,(anonymous_5)
FNDA:1,(anonymous_6)
FNDA:2,(anonymous_7)
FNDA:1,(anonymous_8)
FNDA:1,(anonymous_9)
DA:1,2
DA:2,2
DA:3,2
DA:4,2
DA:9,2
DA:12,8
DA:17,1
DA:18,1
DA:23,1
DA:30,2
DA:35,2
DA:36,1
DA:39,1
DA:44,1
DA:47,1
DA:49,1
DA:54,1
DA:55,1
LF:18
LH:18
BRDA:35,0,0,1
BRF:1
BRH:1
end_of_record
TN:
SF:src/breed-image/breed-image.controller.ts
FN:10,(anonymous_4)
FN:14,(anonymous_5)
FN:20,(anonymous_6)
FN:26,(anonymous_7)
FN:32,(anonymous_8)
FN:38,(anonymous_9)
FNF:6
FNH:1
FNDA:1,(anonymous_4)
FNDA:0,(anonymous_5)
FNDA:0,(anonymous_6)
FNDA:0,(anonymous_7)
FNDA:0,(anonymous_8)
FNDA:0,(anonymous_9)
DA:1,1
DA:2,1
DA:3,1
DA:4,1
DA:5,1
DA:9,1
DA:10,1
DA:14,1
DA:15,0
DA:20,1
DA:21,0
DA:26,1
DA:27,0
DA:32,1
DA:33,0
DA:38,1
DA:39,0
LF:17
LH:12
BRF:0
BRH:0
end_of_record
TN:
SF:src/breed-image/breed-image.module.ts
FNF:0
FNH:0
DA:1,1
DA:2,1
DA:3,1
DA:4,1
DA:5,1
DA:6,1
DA:13,1
LF:7
LH:7
BRF:0
BRH:0
end_of_record
TN:
SF:src/breed-image/breed-image.service.ts
FN:11,(anonymous_4)
FN:19,(anonymous_5)
FN:38,(anonymous_6)
FN:45,(anonymous_7)
FN:53,(anonymous_8)
FN:67,(anonymous_9)
FN:88,(anonymous_10)
FNF:7
FNH:7
FNDA:11,(anonymous_4)
FNDA:2,(anonymous_5)
FNDA:1,(anonymous_6)
FNDA:1,(anonymous_7)
FNDA:2,(anonymous_8)
FNDA:3,(anonymous_9)
FNDA:1,(anonymous_10)
DA:1,2
DA:2,2
DA:3,2
DA:4,2
DA:7,2
DA:10,2
DA:13,11
DA:15,11
DA:21,2
DA:22,2
DA:23,1
DA:27,1
DA:34,1
DA:39,1
DA:46,1
DA:54,2
DA:59,2
DA:60,1
DA:63,1
DA:68,3
DA:71,3
DA:72,2
DA:73,2
DA:74,1
DA:76,1
DA:80,2
DA:81,2
DA:82,2
DA:84,2
DA:89,1
DA:90,1
LF:31
LH:31
BRDA:22,0,0,1
BRDA:30,1,0,1
BRDA:30,1,1,0
BRDA:59,2,0,1
BRDA:71,3,0,2
BRDA:71,4,0,3
BRDA:71,4,1,2
BRDA:73,5,0,1
BRDA:80,6,0,1
BRDA:81,7,0,1
BRDA:82,8,0,1
BRF:11
BRH:10
end_of_record
TN:
SF:src/breed-image/dto/create-breed-image.dto.ts
FNF:0
FNH:0
DA:1,1
DA:2,1
DA:4,1
DA:11,1
DA:20,1
DA:30,1
DA:38,1
LF:7
LH:7
BRF:0
BRH:0
end_of_record
TN:
SF:src/breed-image/dto/update-breed-image.dto.ts
FNF:0
FNH:0
DA:1,1
DA:2,1
DA:3,1
DA:4,1
DA:6,1
DA:13,1
DA:21,1
DA:29,1
DA:37,1
DA:45,1
LF:10
LH:10
BRF:0
BRH:0
end_of_record
TN:
SF:src/breed-image/entities/breed-image.entity.ts
FN:18,(anonymous_2)
FN:18,(anonymous_3)
FNF:2
FNH:2
FNDA:1,(anonymous_2)
FNDA:1,(anonymous_3)
DA:1,7
DA:2,7
DA:5,7
DA:7,7
DA:10,7
DA:13,7
DA:16,7
DA:18,1
DA:19,7
LF:9
LH:9
BRF:0
BRH:0
end_of_record
TN:
SF:src/breed/dto/create-breed.dto.ts
FNF:0
FNH:0
DA:1,1
DA:3,1
DA:6,1
DA:10,1
LF:4
LH:4
BRF:0
BRH:0
end_of_record
TN:
SF:src/breed/dto/update-breed.dto.ts
FNF:0
FNH:0
DA:1,1
DA:2,1
DA:4,1
LF:3
LH:3
BRF:0
BRH:0
end_of_record
TN:
SF:src/breed/entities/breed.entity.ts
FN:15,(anonymous_2)
FN:15,(anonymous_3)
FNF:2
FNH:2
FNDA:1,(anonymous_2)
FNDA:1,(anonymous_3)
DA:1,7
DA:2,7
DA:5,7
DA:7,7
DA:10,7
DA:13,7
DA:15,1
DA:16,7
LF:8
LH:8
BRF:0
BRH:0
end_of_record
TN:
SF:src/dog/dog.controller.ts
FN:11,(anonymous_4)
FN:17,(anonymous_5)
FN:31,(anonymous_6)
FN:40,(anonymous_7)
FN:49,(anonymous_8)
FN:58,(anonymous_9)
FNF:6
FNH:6
FNDA:7,(anonymous_4)
FNDA:1,(anonymous_5)
FNDA:1,(anonymous_6)
FNDA:1,(anonymous_7)
FNDA:1,(anonymous_8)
FNDA:1,(anonymous_9)
DA:1,2
DA:2,2
DA:3,2
DA:4,2
DA:5,2
DA:6,2
DA:10,2
DA:11,7
DA:17,2
DA:18,1
DA:31,2
DA:32,1
DA:40,2
DA:41,1
DA:49,2
DA:50,1
DA:58,2
DA:59,1
LF:18
LH:18
BRF:0
BRH:0
end_of_record
TN:
SF:src/dog/dog.module.ts
FNF:0
FNH:0
DA:1,1
DA:2,1
DA:3,1
DA:4,1
DA:5,1
DA:6,1
DA:13,1
LF:7
LH:7
BRF:0
BRH:0
end_of_record
TN:
SF:src/dog/dog.service.ts
FN:11,(anonymous_4)
FN:19,(anonymous_5)
FN:48,(anonymous_6)
FN:97,(anonymous_7)
FN:111,(anonymous_8)
FN:124,(anonymous_9)
FN:134,(anonymous_10)
FN:140,(anonymous_11)
FNF:8
FNH:4
FNDA:7,(anonymous_4)
FNDA:2,(anonymous_5)
FNDA:1,(anonymous_6)
FNDA:2,(anonymous_7)
FNDA:0,(anonymous_8)
FNDA:0,(anonymous_9)
FNDA:0,(anonymous_10)
FNDA:0,(anonymous_11)
DA:1,3
DA:2,3
DA:3,3
DA:4,3
DA:7,3
DA:10,3
DA:13,7
DA:15,7
DA:21,2
DA:22,2
DA:23,1
DA:27,1
DA:44,1
DA:58,1
DA:63,1
DA:64,1
DA:65,0
DA:68,1
DA:69,0
DA:72,1
DA:73,0
DA:76,1
DA:77,0
DA:80,1
DA:81,0
DA:84,1
DA:85,0
DA:88,1
DA:89,0
DA:93,1
DA:98,2
DA:103,2
DA:104,2
DA:105,1
DA:107,1
DA:112,0
DA:115,0
DA:116,0
DA:117,0
DA:118,0
DA:120,0
DA:124,0
DA:125,0
DA:126,0
DA:130,0
DA:135,0
DA:136,0
DA:141,0
LF:48
LH:28
BRDA:22,0,0,1
BRDA:35,1,0,1
BRDA:35,1,1,0
BRDA:36,2,0,1
BRDA:36,2,1,0
BRDA:38,3,0,1
BRDA:38,3,1,1
BRDA:40,4,0,1
BRDA:40,4,1,1
BRDA:63,5,0,1
BRDA:64,6,0,0
BRDA:68,7,0,0
BRDA:72,8,0,0
BRDA:76,9,0,0
BRDA:80,10,0,0
BRDA:84,11,0,0
BRDA:88,12,0,0
BRDA:104,13,0,1
BRDA:115,14,0,0
BRDA:115,15,0,0
BRDA:115,15,1,0
BRDA:117,16,0,0
BRDA:125,17,0,0
BRDA:125,18,0,0
BRDA:125,18,1,0
BRF:25
BRH:9
end_of_record
TN:
SF:src/dog/dto/create-dog.dto.ts
FNF:0
FNH:0
DA:1,2
DA:2,2
DA:4,2
DA:8,2
DA:13,2
DA:22,2
DA:34,2
DA:44,2
DA:53,2
DA:63,2
DA:73,2
DA:83,2
DA:92,2
DA:102,2
DA:111,2
DA:120,2
DA:129,2
LF:17
LH:17
BRF:0
BRH:0
end_of_record
TN:
SF:src/dog/dto/update-dog.dto.ts
FNF:0
FNH:0
DA:1,2
DA:2,2
DA:4,2
LF:3
LH:3
BRF:0
BRH:0
end_of_record
TN:
SF:src/dog/entities/dog.entity.ts
FN:16,(anonymous_2)
FNF:1
FNH:1
FNDA:1,(anonymous_2)
DA:1,3
DA:2,3
DA:3,3
DA:6,3
DA:9,3
DA:13,3
DA:16,1
DA:17,3
DA:21,3
DA:25,3
DA:29,3
DA:33,3
DA:37,3
DA:41,3
DA:45,3
DA:49,3
DA:53,3
DA:57,3
DA:61,3
DA:65,3
LF:20
LH:20
BRF:0
BRH:0
end_of_record
TN:
SF:src/scripts/create-admin.ts
FN:5,bootstrap
FNF:1
FNH:0
FNDA:0,bootstrap
DA:1,0
DA:2,0
DA:3,0
DA:6,0
DA:7,0
DA:9,0
DA:10,0
DA:18,0
DA:20,0
DA:23,0
DA:26,0
LF:11
LH:0
BRF:0
BRH:0
end_of_record
TN:
SF:src/store-category/store-category.controller.ts
FN:8,(anonymous_4)
FN:11,(anonymous_5)
FN:16,(anonymous_6)
FN:21,(anonymous_7)
FN:26,(anonymous_8)
FN:31,(anonymous_9)
FNF:6
FNH:1
FNDA:1,(anonymous_4)
FNDA:0,(anonymous_5)
FNDA:0,(anonymous_6)
FNDA:0,(anonymous_7)
FNDA:0,(anonymous_8)
FNDA:0,(anonymous_9)
DA:1,1
DA:2,1
DA:3,1
DA:4,1
DA:7,1
DA:8,1
DA:11,1
DA:12,0
DA:16,1
DA:17,0
DA:21,1
DA:22,0
DA:26,1
DA:27,0
DA:31,1
DA:32,0
LF:16
LH:11
BRF:0
BRH:0
end_of_record
TN:
SF:src/store-category/store-category.module.ts
FNF:0
FNH:0
DA:1,1
DA:2,1
DA:3,1
DA:4,1
DA:5,1
DA:12,1
LF:6
LH:6
BRF:0
BRH:0
end_of_record
TN:
SF:src/store-category/store-category.service.ts
FN:10,(anonymous_4)
FN:16,(anonymous_5)
FN:22,(anonymous_6)
FN:29,(anonymous_7)
FN:43,(anonymous_8)
FN:53,(anonymous_9)
FNF:6
FNH:6
FNDA:12,(anonymous_4)
FNDA:2,(anonymous_5)
FNDA:2,(anonymous_6)
FNDA:2,(anonymous_7)
FNDA:2,(anonymous_8)
FNDA:2,(anonymous_9)
DA:1,2
DA:2,2
DA:3,2
DA:4,2
DA:9,2
DA:12,12
DA:17,2
DA:18,2
DA:23,2
DA:30,2
DA:35,2
DA:36,1
DA:39,1
DA:44,2
DA:47,1
DA:49,1
DA:54,2
DA:55,1
LF:18
LH:18
BRDA:35,0,0,1
BRF:1
BRH:1
end_of_record
TN:
SF:src/store-category/dto/create-store-category.dto.ts
FNF:0
FNH:0
DA:1,1
DA:3,1
DA:6,1
DA:10,1
LF:4
LH:4
BRF:0
BRH:0
end_of_record
TN:
SF:src/store-category/dto/update-store-category.dto.ts
FNF:0
FNH:0
DA:1,1
DA:2,1
DA:4,1
LF:3
LH:3
BRF:0
BRH:0
end_of_record
TN:
SF:src/store-category/entities/store-category.entity.ts
FN:15,(anonymous_2)
FN:15,(anonymous_3)
FNF:2
FNH:2
FNDA:1,(anonymous_2)
FNDA:1,(anonymous_3)
DA:1,4
DA:2,4
DA:5,4
DA:7,4
DA:10,4
DA:13,4
DA:15,1
DA:16,4
LF:8
LH:8
BRF:0
BRH:0
end_of_record
TN:
SF:src/store-item/store-item.controller.ts
FN:8,(anonymous_4)
FN:11,(anonymous_5)
FN:16,(anonymous_6)
FN:31,(anonymous_7)
FN:36,(anonymous_8)
FN:41,(anonymous_9)
FNF:6
FNH:1
FNDA:1,(anonymous_4)
FNDA:0,(anonymous_5)
FNDA:0,(anonymous_6)
FNDA:0,(anonymous_7)
FNDA:0,(anonymous_8)
FNDA:0,(anonymous_9)
DA:1,1
DA:2,1
DA:3,1
DA:4,1
DA:7,1
DA:8,1
DA:11,1
DA:12,0
DA:16,1
DA:22,0
DA:31,1
DA:32,0
DA:36,1
DA:37,0
DA:41,1
DA:42,0
LF:16
LH:11
BRF:0
BRH:0
end_of_record
TN:
SF:src/store-item/store-item.module.ts
FNF:0
FNH:0
DA:1,1
DA:2,1
DA:3,1
DA:4,1
DA:5,1
DA:6,1
DA:13,1
LF:7
LH:7
BRF:0
BRH:0
end_of_record
TN:
SF:src/store-item/store-item.service.ts
FN:11,(anonymous_4)
FN:19,(anonymous_5)
FN:40,(anonymous_6)
FN:82,(anonymous_7)
FN:96,(anonymous_8)
FN:119,(anonymous_9)
FNF:6
FNH:6
FNDA:10,(anonymous_4)
FNDA:2,(anonymous_5)
FNDA:1,(anonymous_6)
FNDA:2,(anonymous_7)
FNDA:3,(anonymous_8)
FNDA:1,(anonymous_9)
DA:1,2
DA:2,2
DA:3,2
DA:4,2
DA:7,2
DA:10,2
DA:13,10
DA:15,10
DA:21,2
DA:22,2
DA:23,1
DA:27,1
DA:36,1
DA:46,1
DA:52,1
DA:53,1
DA:54,1
DA:57,1
DA:58,1
DA:61,1
DA:62,1
DA:65,1
DA:66,1
DA:67,1
DA:69,0
DA:75,1
DA:78,1
DA:83,2
DA:88,2
DA:89,1
DA:92,1
DA:97,3
DA:100,3
DA:101,2
DA:102,2
DA:103,1
DA:105,1
DA:109,2
DA:110,2
DA:111,2
DA:112,2
DA:113,2
DA:115,2
DA:120,1
DA:121,1
LF:45
LH:44
BRDA:22,0,0,1
BRDA:32,1,0,1
BRDA:32,1,1,1
BRDA:52,2,0,1
BRDA:53,3,0,1
BRDA:57,4,0,1
BRDA:61,5,0,1
BRDA:65,6,0,1
BRDA:66,7,0,1
BRDA:66,7,1,0
BRDA:88,8,0,1
BRDA:100,9,0,2
BRDA:100,10,0,3
BRDA:100,10,1,2
BRDA:102,11,0,1
BRDA:109,12,0,0
BRDA:110,13,0,1
BRDA:111,14,0,0
BRDA:112,15,0,1
BRDA:113,16,0,1
BRF:20
BRH:17
end_of_record
TN:
SF:src/store-item-image/store-item-image.controller.ts
FN:10,(anonymous_4)
FN:14,(anonymous_5)
FN:20,(anonymous_6)
FN:26,(anonymous_7)
FN:32,(anonymous_8)
FN:38,(anonymous_9)
FN:44,(anonymous_10)
FNF:7
FNH:1
FNDA:1,(anonymous_4)
FNDA:0,(anonymous_5)
FNDA:0,(anonymous_6)
FNDA:0,(anonymous_7)
FNDA:0,(anonymous_8)
FNDA:0,(anonymous_9)
FNDA:0,(anonymous_10)
DA:1,1
DA:2,1
DA:3,1
DA:4,1
DA:5,1
DA:9,1
DA:10,1
DA:14,1
DA:15,0
DA:20,1
DA:21,0
DA:26,1
DA:27,0
DA:32,1
DA:33,0
DA:38,1
DA:39,0
DA:44,1
DA:45,0
LF:19
LH:13
BRF:0
BRH:0
end_of_record
TN:
SF:src/store-item-image/store-item-image.module.ts
FNF:0
FNH:0
DA:1,1
DA:2,1
DA:3,1
DA:4,1
DA:5,1
DA:6,1
DA:13,1
LF:7
LH:7
BRF:0
BRH:0
end_of_record
TN:
SF:src/store-item-image/store-item-image.service.ts
FN:11,(anonymous_4)
FN:19,(anonymous_5)
FN:38,(anonymous_6)
FN:45,(anonymous_7)
FN:53,(anonymous_8)
FN:67,(anonymous_9)
FN:88,(anonymous_10)
FNF:7
FNH:7
FNDA:11,(anonymous_4)
FNDA:2,(anonymous_5)
FNDA:1,(anonymous_6)
FNDA:1,(anonymous_7)
FNDA:2,(anonymous_8)
FNDA:3,(anonymous_9)
FNDA:1,(anonymous_10)
DA:1,2
DA:2,2
DA:3,2
DA:4,2
DA:7,2
DA:10,2
DA:13,11
DA:15,11
DA:21,2
DA:22,2
DA:23,1
DA:27,1
DA:34,1
DA:39,1
DA:46,1
DA:54,2
DA:59,2
DA:60,1
DA:63,1
DA:68,3
DA:71,3
DA:72,2
DA:73,2
DA:74,1
DA:76,1
DA:80,2
DA:81,2
DA:82,2
DA:84,2
DA:89,1
DA:90,1
LF:31
LH:31
BRDA:22,0,0,1
BRDA:30,1,0,1
BRDA:30,1,1,0
BRDA:59,2,0,1
BRDA:71,3,0,2
BRDA:71,4,0,3
BRDA:71,4,1,2
BRDA:73,5,0,1
BRDA:80,6,0,1
BRDA:81,7,0,1
BRDA:82,8,0,1
BRF:11
BRH:10
end_of_record
TN:
SF:src/store-item-image/dto/create-store-item-image.dto.ts
FNF:0
FNH:0
DA:1,1
DA:2,1
DA:4,1
DA:11,1
DA:20,1
DA:30,1
DA:38,1
DA:47,1
LF:8
LH:8
BRF:0
BRH:0
end_of_record
TN:
SF:src/store-item-image/dto/update-store-item-image.dto.ts
FNF:0
FNH:0
DA:1,1
DA:2,1
DA:3,1
DA:4,1
DA:6,1
DA:13,1
DA:21,1
DA:29,1
DA:37,1
DA:45,1
LF:10
LH:10
BRF:0
BRH:0
end_of_record
TN:
SF:src/store-item-image/entities/store-item-image.entity.ts
FN:18,(anonymous_2)
FN:18,(anonymous_3)
FNF:2
FNH:2
FNDA:1,(anonymous_2)
FNDA:1,(anonymous_3)
DA:1,4
DA:2,4
DA:5,4
DA:7,4
DA:10,4
DA:13,4
DA:16,4
DA:18,1
DA:19,4
LF:9
LH:9
BRF:0
BRH:0
end_of_record
TN:
SF:src/store-item/dto/create-store-item.dto.ts
FNF:0
FNH:0
DA:1,1
DA:2,1
DA:4,1
DA:11,1
DA:19,1
DA:28,1
DA:38,1
DA:49,1
DA:57,1
LF:9
LH:9
BRF:0
BRH:0
end_of_record
TN:
SF:src/store-item/dto/update-store-item.dto.ts
FNF:0
FNH:0
DA:1,1
DA:2,1
DA:3,1
DA:4,1
DA:6,1
DA:13,1
DA:21,1
DA:29,1
DA:38,1
DA:47,1
DA:55,1
LF:11
LH:11
BRF:0
BRH:0
end_of_record
TN:
SF:src/store-item/entities/store-item.entity.ts
FN:25,(anonymous_2)
FN:25,(anonymous_3)
FN:28,(anonymous_4)
FN:28,(anonymous_5)
FNF:4
FNH:4
FNDA:1,(anonymous_2)
FNDA:1,(anonymous_3)
FNDA:1,(anonymous_4)
FNDA:1,(anonymous_5)
DA:1,4
DA:2,4
DA:3,4
DA:6,4
DA:8,4
DA:11,4
DA:14,4
DA:17,4
DA:20,4
DA:23,4
DA:25,1
DA:26,4
DA:28,1
DA:29,4
LF:14
LH:14
BRF:0
BRH:0
end_of_record
TN:
SF:src/users/users.controller.ts
FN:8,(anonymous_4)
FN:11,(anonymous_5)
FN:16,(anonymous_6)
FN:21,(anonymous_7)
FN:26,(anonymous_8)
FN:31,(anonymous_9)
FNF:6
FNH:1
FNDA:1,(anonymous_4)
FNDA:0,(anonymous_5)
FNDA:0,(anonymous_6)
FNDA:0,(anonymous_7)
FNDA:0,(anonymous_8)
FNDA:0,(anonymous_9)
DA:1,1
DA:2,1
DA:3,1
DA:4,1
DA:7,1
DA:8,1
DA:11,1
DA:12,0
DA:16,1
DA:17,0
DA:21,1
DA:22,0
DA:26,1
DA:27,0
DA:31,1
DA:32,0
LF:16
LH:11
BRF:0
BRH:0
end_of_record
TN:
SF:src/users/users.module.ts
FNF:0
FNH:0
DA:1,1
DA:2,1
DA:3,1
DA:4,1
DA:5,1
DA:13,1
LF:6
LH:6
BRF:0
BRH:0
end_of_record
TN:
SF:src/users/users.service.ts
FN:11,(anonymous_4)
FN:16,(anonymous_5)
FN:49,(anonymous_6)
FN:55,(anonymous_7)
FN:59,(anonymous_8)
FN:63,(anonymous_9)
FN:104,(anonymous_10)
FNF:7
FNH:3
FNDA:3,(anonymous_4)
FNDA:1,(anonymous_5)
FNDA:0,(anonymous_6)
FNDA:0,(anonymous_7)
FNDA:1,(anonymous_8)
FNDA:0,(anonymous_9)
FNDA:0,(anonymous_10)
DA:1,4
DA:2,4
DA:3,4
DA:6,4
DA:7,4
DA:10,4
DA:13,3
DA:18,1
DA:19,0
DA:22,1
DA:23,0
DA:27,1
DA:28,1
DA:29,0
DA:33,1
DA:36,1
DA:42,1
DA:45,1
DA:46,1
DA:50,0
DA:56,0
DA:60,1
DA:64,0
DA:65,0
DA:66,0
DA:70,0
DA:71,0
DA:74,0
DA:76,0
DA:77,0
DA:80,0
DA:81,0
DA:82,0
DA:85,0
DA:86,0
DA:90,0
DA:91,0
DA:95,0
DA:100,0
DA:101,0
DA:105,0
DA:106,0
DA:107,0
LF:43
LH:17
BRDA:18,0,0,0
BRDA:22,1,0,0
BRDA:28,2,0,0
BRDA:39,3,0,1
BRDA:39,3,1,0
BRDA:65,4,0,0
BRDA:70,5,0,0
BRDA:70,6,0,0
BRDA:70,6,1,0
BRDA:74,7,0,0
BRDA:76,8,0,0
BRDA:81,9,0,0
BRDA:85,10,0,0
BRF:13
BRH:1
end_of_record
TN:
SF:src/users/dto/create-user.dto.ts
FNF:0
FNH:0
DA:1,1
DA:3,1
DA:6,1
DA:10,1
DA:17,1
DA:20,1
DA:23,1
LF:7
LH:7
BRF:0
BRH:0
end_of_record
TN:
SF:src/users/dto/update-user.dto.ts
FNF:0
FNH:0
DA:1,1
DA:3,1
DA:6,1
DA:10,1
DA:14,1
DA:22,1
DA:26,1
LF:7
LH:7
BRF:0
BRH:0
end_of_record
TN:
SF:src/users/entities/user.entity.ts
FNF:0
FNH:0
DA:1,5
DA:4,5
DA:6,5
DA:9,5
DA:12,5
DA:15,5
LF:6
LH:6
BRF:0
BRH:0
end_of_record
